Determining if the pthread_create exist failed with the following output:
Change Dir: /home/robond/home/workspace/catkin_ws/build/CMakeFiles/CMakeTmp

Run Build Command:"/usr/bin/make" "cmTC_ab3cb/fast"
/usr/bin/make -f CMakeFiles/cmTC_ab3cb.dir/build.make CMakeFiles/cmTC_ab3cb.dir/build
make[1]: Entering directory '/home/robond/home/workspace/catkin_ws/build/CMakeFiles/CMakeTmp'
Building C object CMakeFiles/cmTC_ab3cb.dir/CheckSymbolExists.c.o
/usr/bin/cc     -o CMakeFiles/cmTC_ab3cb.dir/CheckSymbolExists.c.o   -c /home/robond/home/workspace/catkin_ws/build/CMakeFiles/CMakeTmp/CheckSymbolExists.c
Linking C executable cmTC_ab3cb
/usr/bin/cmake -E cmake_link_script CMakeFiles/cmTC_ab3cb.dir/link.txt --verbose=1
/usr/bin/cc       CMakeFiles/cmTC_ab3cb.dir/CheckSymbolExists.c.o  -o cmTC_ab3cb -rdynamic 
CMakeFiles/cmTC_ab3cb.dir/CheckSymbolExists.c.o: In function `main':
CheckSymbolExists.c:(.text+0x16): undefined reference to `pthread_create'
collect2: error: ld returned 1 exit status
CMakeFiles/cmTC_ab3cb.dir/build.make:97: recipe for target 'cmTC_ab3cb' failed
make[1]: *** [cmTC_ab3cb] Error 1
make[1]: Leaving directory '/home/robond/home/workspace/catkin_ws/build/CMakeFiles/CMakeTmp'
Makefile:126: recipe for target 'cmTC_ab3cb/fast' failed
make: *** [cmTC_ab3cb/fast] Error 2

File /home/robond/home/workspace/catkin_ws/build/CMakeFiles/CMakeTmp/CheckSymbolExists.c:
/* */
#include <pthread.h>

int main(int argc, char** argv)
{
  (void)argv;
#ifndef pthread_create
  return ((int*)(&pthread_create))[argc];
#else
  (void)argc;
  return 0;
#endif
}

Determining if the function pthread_create exists in the pthreads failed with the following output:
Change Dir: /home/robond/home/workspace/catkin_ws/build/CMakeFiles/CMakeTmp

Run Build Command:"/usr/bin/make" "cmTC_b634c/fast"
/usr/bin/make -f CMakeFiles/cmTC_b634c.dir/build.make CMakeFiles/cmTC_b634c.dir/build
make[1]: Entering directory '/home/robond/home/workspace/catkin_ws/build/CMakeFiles/CMakeTmp'
Building C object CMakeFiles/cmTC_b634c.dir/CheckFunctionExists.c.o
/usr/bin/cc    -DCHECK_FUNCTION_EXISTS=pthread_create   -o CMakeFiles/cmTC_b634c.dir/CheckFunctionExists.c.o   -c /usr/share/cmake-3.5/Modules/CheckFunctionExists.c
Linking C executable cmTC_b634c
/usr/bin/cmake -E cmake_link_script CMakeFiles/cmTC_b634c.dir/link.txt --verbose=1
/usr/bin/cc   -DCHECK_FUNCTION_EXISTS=pthread_create    CMakeFiles/cmTC_b634c.dir/CheckFunctionExists.c.o  -o cmTC_b634c -rdynamic -lpthreads 
/usr/bin/ld: cannot find -lpthreads
collect2: error: ld returned 1 exit status
CMakeFiles/cmTC_b634c.dir/build.make:97: recipe for target 'cmTC_b634c' failed
make[1]: *** [cmTC_b634c] Error 1
make[1]: Leaving directory '/home/robond/home/workspace/catkin_ws/build/CMakeFiles/CMakeTmp'
Makefile:126: recipe for target 'cmTC_b634c/fast' failed
make: *** [cmTC_b634c/fast] Error 2


